2025-05-13 23:30:50,980 - ERROR - Error loading configuration: [Errno 2] No such file or directory: 'config.json'
2025-05-13 23:30:50,981 - INFO - Starting scan of 5 stocks...
2025-05-13 23:30:50,981 - INFO - Scanning AAPL...
2025-05-13 23:30:50,981 - INFO - AAPL failed conditions: volume, float
2025-05-13 23:30:50,981 - INFO - Scanning MSFT...
2025-05-13 23:30:50,981 - INFO - MSFT failed conditions: price, volume, news, float
2025-05-13 23:30:50,981 - INFO - Scanning NVDA...
2025-05-13 23:30:50,981 - INFO - NVDA failed conditions: price, volume, float
2025-05-13 23:30:50,981 - INFO - Scanning AMD...
2025-05-13 23:30:50,981 - INFO - AMD failed conditions: percent_up
2025-05-13 23:30:50,981 - INFO - Scanning TSLA...
2025-05-13 23:30:50,981 - INFO - TSLA meets ALL conditions!
2025-05-13 23:30:50,981 - INFO - Scan complete
2025-05-13 23:30:50,982 - INFO - Found 1 stocks meeting all conditions
2025-05-13 23:30:50,982 - INFO - Results saved to stock_conditions.json
2025-05-13 23:36:36,426 - ERROR - Error loading configuration: [Errno 2] No such file or directory: 'config.json'
2025-05-13 23:36:36,427 - INFO - Starting scan of 5 stocks...
2025-05-13 23:36:36,427 - INFO - Scanning AAPL...
2025-05-13 23:36:36,427 - INFO - AAPL failed conditions: news
2025-05-13 23:36:36,427 - INFO - Scanning MSFT...
2025-05-13 23:36:36,428 - INFO - MSFT failed conditions: volume
2025-05-13 23:36:36,428 - INFO - Scanning NVDA...
2025-05-13 23:36:36,428 - INFO - NVDA failed conditions: price, volume, news
2025-05-13 23:36:36,428 - INFO - Scanning AMD...
2025-05-13 23:36:36,429 - INFO - AMD meets ALL conditions!
2025-05-13 23:36:36,429 - INFO - Scanning TSLA...
2025-05-13 23:36:36,429 - INFO - TSLA failed conditions: news
2025-05-13 23:36:36,429 - INFO - Scan complete
2025-05-13 23:36:36,429 - INFO - Found 1 stocks meeting all conditions
2025-05-13 23:36:36,430 - INFO - Results saved to stock_conditions.json
2025-05-14 19:13:39,815 - ERROR - Error loading configuration: Expecting value: line 1 column 1 (char 0)
2025-05-14 19:13:39,818 - INFO - Starting scan of 5 stocks...
2025-05-14 19:13:39,819 - INFO - Scanning AAPL...
2025-05-14 19:13:39,819 - INFO - AAPL meets ALL conditions!
2025-05-14 19:13:39,820 - INFO - Scanning MSFT...
2025-05-14 19:13:39,820 - INFO - MSFT meets ALL conditions!
2025-05-14 19:13:39,820 - INFO - Scanning NVDA...
2025-05-14 19:13:39,820 - INFO - NVDA failed conditions: float
2025-05-14 19:13:39,821 - INFO - Scanning AMD...
2025-05-14 19:13:39,821 - INFO - AMD failed conditions: percent_up, volume, news
2025-05-14 19:13:39,822 - INFO - Scanning TSLA...
2025-05-14 19:13:39,823 - INFO - TSLA failed conditions: price, news
2025-05-14 19:13:39,824 - INFO - Scan complete
2025-05-14 19:13:39,824 - INFO - Found 2 stocks meeting all conditions
2025-05-14 19:13:39,825 - INFO - Results saved to stock_conditions.json
2025-05-14 19:13:39,826 - ERROR - Error updating config with qualified stocks: Expecting value: line 1 column 1 (char 0)
2025-05-14 21:32:20,435 - INFO - Using default watchlist with 16 symbols
2025-05-14 21:32:20,435 - INFO - Scanning 16 stocks for date 2025-05-14...
2025-05-14 21:32:20,436 - INFO - Scanning AAPL...
2025-05-14 21:32:24,634 - ERROR - Error getting data for AAPL: Too Many Requests. Rate limited. Try after a while.
2025-05-14 21:32:24,634 - WARNING - Could not get data for AAPL
2025-05-14 21:32:24,634 - INFO - Scanning MSFT...
2025-05-14 21:32:24,812 - ERROR - Error getting data for MSFT: Too Many Requests. Rate limited. Try after a while.
2025-05-14 21:32:24,813 - WARNING - Could not get data for MSFT
2025-05-14 21:32:24,813 - INFO - Scanning NVDA...
2025-05-14 21:32:25,968 - ERROR - Error getting data for NVDA: Too Many Requests. Rate limited. Try after a while.
2025-05-14 21:32:25,968 - WARNING - Could not get data for NVDA
2025-05-14 21:32:25,969 - INFO - Scanning AMD...
2025-05-14 21:32:26,860 - ERROR - Error getting data for AMD: Too Many Requests. Rate limited. Try after a while.
2025-05-14 21:32:26,860 - WARNING - Could not get data for AMD
2025-05-14 21:32:26,860 - INFO - Scanning TSLA...
2025-05-14 21:32:27,668 - ERROR - Error getting data for TSLA: Too Many Requests. Rate limited. Try after a while.
2025-05-14 21:32:27,669 - WARNING - Could not get data for TSLA
2025-05-14 21:32:27,669 - INFO - Scanning AMZN...
2025-05-14 21:32:28,850 - ERROR - Error getting data for AMZN: Too Many Requests. Rate limited. Try after a while.
2025-05-14 21:32:28,850 - WARNING - Could not get data for AMZN
2025-05-14 21:32:28,851 - INFO - Scanning GOOGL...
2025-05-14 21:32:30,134 - ERROR - Error getting data for GOOGL: Too Many Requests. Rate limited. Try after a while.
2025-05-14 21:32:30,135 - WARNING - Could not get data for GOOGL
2025-05-14 21:32:30,135 - INFO - Scanning META...
2025-05-14 21:32:31,113 - ERROR - Error getting data for META: Too Many Requests. Rate limited. Try after a while.
2025-05-14 21:32:31,114 - WARNING - Could not get data for META
2025-05-14 21:32:31,114 - INFO - Scanning NFLX...
2025-05-14 21:32:32,061 - ERROR - Error getting data for NFLX: Too Many Requests. Rate limited. Try after a while.
2025-05-14 21:32:32,062 - WARNING - Could not get data for NFLX
2025-05-14 21:32:32,062 - INFO - Scanning BABA...
2025-05-14 21:32:32,953 - ERROR - Error getting data for BABA: Too Many Requests. Rate limited. Try after a while.
2025-05-14 21:32:32,953 - WARNING - Could not get data for BABA
2025-05-14 21:32:32,953 - INFO - Scanning SHOP...
2025-05-14 21:32:33,752 - ERROR - Error getting data for SHOP: Too Many Requests. Rate limited. Try after a while.
2025-05-14 21:32:33,752 - WARNING - Could not get data for SHOP
2025-05-14 21:32:33,752 - INFO - Scanning ROKU...
2025-05-14 21:32:34,495 - ERROR - Error getting data for ROKU: Too Many Requests. Rate limited. Try after a while.
2025-05-14 21:32:34,496 - WARNING - Could not get data for ROKU
2025-05-14 21:32:34,496 - INFO - Scanning PLTR...
2025-05-14 21:32:35,702 - ERROR - Error getting data for PLTR: Too Many Requests. Rate limited. Try after a while.
2025-05-14 21:32:35,703 - WARNING - Could not get data for PLTR
2025-05-14 21:32:35,703 - INFO - Scanning NIO...
2025-05-14 21:32:37,144 - ERROR - Error getting data for NIO: Too Many Requests. Rate limited. Try after a while.
2025-05-14 21:32:37,144 - WARNING - Could not get data for NIO
2025-05-14 21:32:37,145 - INFO - Scanning LCID...
2025-05-14 21:32:38,094 - ERROR - Error getting data for LCID: Too Many Requests. Rate limited. Try after a while.
2025-05-14 21:32:38,095 - WARNING - Could not get data for LCID
2025-05-14 21:32:38,095 - INFO - Scanning RIVN...
2025-05-14 21:32:38,858 - ERROR - Error getting data for RIVN: Too Many Requests. Rate limited. Try after a while.
2025-05-14 21:32:38,858 - WARNING - Could not get data for RIVN
2025-05-14 21:32:38,858 - INFO - Scan complete. Found 0 stocks meeting all 5 conditions.
2025-05-14 21:32:38,859 - INFO - Results saved to stock_conditions.json
